::1 - - [11/Sep/2017:23:32:44 +0900] "GET /index.html HTTP/1.1" 200 1276
::1 - - [11/Sep/2017:23:32:44 +0900] "GET /bitnami.css HTTP/1.1" 200 798
::1 - - [11/Sep/2017:23:32:44 +0900] "GET /img/bitnami.png?1186088387 HTTP/1.1" 200 3738
::1 - - [11/Sep/2017:23:32:44 +0900] "GET /img/tab1_welcome.png HTTP/1.1" 200 1009
::1 - - [11/Sep/2017:23:32:44 +0900] "GET /img/tab2_welcome.png HTTP/1.1" 200 1053
::1 - - [11/Sep/2017:23:32:44 +0900] "GET /img/wampstack.png HTTP/1.1" 200 3774
::1 - - [11/Sep/2017:23:32:44 +0900] "GET /img/tabs_bg.png HTTP/1.1" 200 214
::1 - - [11/Sep/2017:23:32:44 +0900] "GET /favicon.ico HTTP/1.1" 200 1150
::1 - - [11/Sep/2017:23:33:20 +0900] "GET /index.html HTTP/1.1" 200 1285
::1 - - [11/Sep/2017:23:33:20 +0900] "GET /favicon.ico HTTP/1.1" 200 1150
::1 - - [11/Sep/2017:23:33:45 +0900] "GET /index.html HTTP/1.1" 200 1293
::1 - - [11/Sep/2017:23:33:45 +0900] "GET /favicon.ico HTTP/1.1" 200 1150
::1 - - [11/Sep/2017:23:34:09 +0900] "GET /index.html HTTP/1.1" 200 1301
::1 - - [11/Sep/2017:23:34:09 +0900] "GET /favicon.ico HTTP/1.1" 200 1150
::1 - - [11/Sep/2017:23:34:20 +0900] "GET /index.html HTTP/1.1" 200 1293
::1 - - [11/Sep/2017:23:34:20 +0900] "GET /favicon.ico HTTP/1.1" 200 1150
::1 - - [11/Sep/2017:23:34:21 +0900] "GET /index.html HTTP/1.1" 200 1293
::1 - - [11/Sep/2017:23:34:21 +0900] "GET /favicon.ico HTTP/1.1" 200 1150
::1 - - [11/Sep/2017:23:34:21 +0900] "GET /index.html HTTP/1.1" 200 1293
::1 - - [11/Sep/2017:23:34:21 +0900] "GET /favicon.ico HTTP/1.1" 200 1150
::1 - - [11/Sep/2017:23:34:21 +0900] "GET /index.html HTTP/1.1" 200 1293
::1 - - [11/Sep/2017:23:34:21 +0900] "GET /favicon.ico HTTP/1.1" 200 1150
